Synthesis options:
The -a option is MachXO2.
The -s option is 4.
The -t option is TQFP144.
The -d option is LCMXO2-7000HE.
Using package TQFP144.
Using performance grade 4.
                                                          

##########################################################

### Lattice Family : MachXO2

### Device  : LCMXO2-7000HE

### Package : TQFP144

### Speed   : 4

##########################################################

                                                          

Optimization goal = Balanced
The -top option is not used.
Target frequency = 1.000000 MHz.
Maximum fanout = 1000.
Timing path count = 3
BRAM utilization = 100.000000 %
DSP usage = true
DSP utilization = 100.000000 %
fsm_encoding_style = auto
resolve_mixed_drivers = 0
fix_gated_clocks = 1

Mux style = Auto
Use Carry Chain = true
carry_chain_length = 0
Loop Limit = 1950.
Use IO Insertion = TRUE
Use IO Reg = AUTO

Resource Sharing = TRUE
Propagate Constants = TRUE
Remove Duplicate Registers = TRUE
force_gsr = auto
ROM style = auto
RAM style = auto
The -comp option is FALSE.
The -syn option is FALSE.
-p C:/lscc/diamond/3.8_x64/ispfpga/xo2c00/data (searchpath added)
-p C:/Users/Michael Hosanee/Documents/ENEL 500/Git/ENEL_500_Repo/SPI INTERFACE/EUREKA_SPI (searchpath added)
-p C:/Users/Michael Hosanee/Documents/ENEL 500/Git/ENEL_500_Repo/SPI INTERFACE (searchpath added)
VHDL library = work
VHDL design file = C:/Users/Michael Hosanee/Documents/ENEL 500/Git/ENEL_500_Repo/SPI INTERFACE/EFB.vhd
NGD file = SPI_EUREKA_SPI.ngd
-sdc option: SDC file input not used.
-lpf option: Output file option is ON.
Hardtimer checking is enabled (default). The -dt option is not used.
The -r option is OFF. [ Remove LOC Properties is OFF. ]
Technology check ok...

Analyzing Verilog file C:/lscc/diamond/3.8_x64/ispfpga/userware/NT/SYNTHESIS_HEADERS/machxo2.v. VERI-1482
Compile design.
Compile Design Begin
WARNING - synthesis: Setting jtagconn16 as the top-level module. To specify the top-level module explicitly, use the -top option.
INFO - synthesis: The default VHDL library search path is now "C:/Users/Michael Hosanee/Documents/ENEL 500/Git/ENEL_500_Repo/SPI INTERFACE/EUREKA_SPI". VHDL-1504
Analyzing VHDL file c:/users/michael hosanee/documents/enel 500/git/enel_500_repo/spi interface/efb.vhd. VHDL-1481
INFO - synthesis: c:/users/michael hosanee/documents/enel 500/git/enel_500_repo/spi interface/efb.vhd(14): analyzing entity efb. VHDL-1012
INFO - synthesis: c:/users/michael hosanee/documents/enel 500/git/enel_500_repo/spi interface/efb.vhd(31): analyzing architecture structure. VHDL-1010
unit jtagconn16 is not yet analyzed. VHDL-1485
Analyzing VHDL file c:/users/michael hosanee/documents/enel 500/git/enel_500_repo/spi interface/efb.vhd. VHDL-1481
INFO - synthesis: c:/users/michael hosanee/documents/enel 500/git/enel_500_repo/spi interface/efb.vhd(14): analyzing entity efb. VHDL-1012
INFO - synthesis: c:/users/michael hosanee/documents/enel 500/git/enel_500_repo/spi interface/efb.vhd(31): analyzing architecture structure. VHDL-1010
unit jtagconn16 is not yet analyzed. VHDL-1485
unit jtagconn16 is not yet analyzed. VHDL-1485
unit jtagconn16 is not yet analyzed. VHDL-1485
unit jtagconn16 is not yet analyzed. VHDL-1485
unit jtagconn16 is not yet analyzed. VHDL-1485
unit jtagconn16 is not yet analyzed. VHDL-1485
unit jtagconn16 is not yet analyzed. VHDL-1485
unit jtagconn16 is not yet analyzed. VHDL-1485
Top module name (VHDL): jtagconn16
ERROR - synthesis: c:/users/michael hosanee/documents/enel 500/git/enel_500_repo/spi interface/efb.vhd(14): Design Hierarchy depth exceeded limit of 1000. VDB-5037
