Active-HDL 10.3.3558.6081  2017-03-10 20:26:54

Elaboration top modules:
Architecture                  behavioural(Test)


---------------------------------------------------------------------------------------------
Entity     | Architecture | Library | Info | Compiler Version          | Compilation Options
---------------------------------------------------------------------------------------------
Test       | behavioural  | work    |      | 10.3.3558.6081  (Windows) | -dbg
SPI_OUTPUT | BEHAVIOURAL  | work    |      | 10.3.3558.6081  (Windows) | -dbg
---------------------------------------------------------------------------------------------

---------------------------------------------------------------------------------------------
VHDL Package              | Library | Info | Compiler Version          | Compilation Options
---------------------------------------------------------------------------------------------
standard                  | std     |      |                           | <unavailable>
TEXTIO                    | std     |      | 10.3.3558.6081  (Windows) |  -2008
std_logic_1164            | ieee    |      | 10.3.3558.6081  (Windows) |  -2008
---------------------------------------------------------------------------------------------

---------------------------------------------------------------------------------------------
Library                   | Comment
---------------------------------------------------------------------------------------------
ieee                      | Standard IEEE packages library
std                       | Standard VHDL library
work                      | None
---------------------------------------------------------------------------------------------


Simulation Options: vsim +access +r Test -PL pmi_work -L ovi_machxo2


The performance of simulation is reduced. Version Lattice Edition
